[0m11:18:47.408594 [debug] [MainThread]: Sending event: {'category': 'dbt', 'action': 'invocation', 'label': 'start', 'context': [<snowplow_tracker.self_describing_json.SelfDescribingJson object at 0x720b393c7f80>, <snowplow_tracker.self_describing_json.SelfDescribingJson object at 0x720b39158a40>, <snowplow_tracker.self_describing_json.SelfDescribingJson object at 0x720b3915af30>]}


============================== 11:18:47.414975 | a3f0c8c1-9eb3-4f69-b8dd-0c5f791fe6bb ==============================
[0m11:18:47.414975 [info ] [MainThread]: Running with dbt=1.11.2
[0m11:18:47.416443 [debug] [MainThread]: running dbt with arguments {'indirect_selection': 'eager', 'log_cache_events': 'False', 'version_check': 'True', 'warn_error_options': 'WarnErrorOptionsV2(error=[], warn=[], silence=[])', 'empty': 'None', 'quiet': 'False', 'introspect': 'True', 'send_anonymous_usage_stats': 'True', 'use_colors': 'True', 'static_parser': 'True', 'use_experimental_parser': 'False', 'invocation_command': 'dbt init medial_warehouse', 'no_print': 'None', 'fail_fast': 'False', 'log_path': 'logs', 'warn_error': 'None', 'log_format': 'default', 'target_path': 'None', 'partial_parse': 'True', 'printer_width': '80', 'cache_selected_only': 'False', 'write_json': 'True', 'debug': 'False', 'profiles_dir': '/home/haben-etsay/.dbt'}
[0m11:18:47.489096 [info ] [MainThread]: Creating dbt configuration folder at /home/haben-etsay/.dbt
[0m11:18:47.491678 [debug] [MainThread]: Starter project path: /home/haben-etsay/Pictures/week 8/medical-telegram-warehouse/venv/lib/python3.12/site-packages/dbt/include/starter_project
[0m11:18:47.499565 [info ] [MainThread]: 
Your new dbt project "medial_warehouse" was created!

For more information on how to configure the profiles.yml file,
please consult the dbt documentation here:

  https://docs.getdbt.com/docs/configure-your-profile

One more thing:

Need help? Don't hesitate to reach out to us via GitHub issues or on Slack:

  https://community.getdbt.com/

Happy modeling!

[0m11:18:47.500981 [info ] [MainThread]: Setting up your profile.
[0m11:23:08.963722 [info ] [MainThread]: Profile medial_warehouse written to /home/haben-etsay/.dbt/profiles.yml using target's profile_template.yml and your supplied values. Run 'dbt debug' to validate the connection.
[0m11:23:08.984516 [debug] [MainThread]: Resource report: {"command_name": "init", "command_success": true, "command_wall_clock_time": 261.6537, "process_in_blocks": "51176", "process_kernel_time": 0.237751, "process_mem_max_rss": "104548", "process_out_blocks": "80", "process_user_time": 2.141767}
[0m11:23:08.986173 [debug] [MainThread]: Command `dbt init` succeeded at 11:23:08.985619 after 261.66 seconds
[0m11:23:08.987433 [debug] [MainThread]: Sending event: {'category': 'dbt', 'action': 'invocation', 'label': 'end', 'context': [<snowplow_tracker.self_describing_json.SelfDescribingJson object at 0x720b38f1c380>, <snowplow_tracker.self_describing_json.SelfDescribingJson object at 0x720b38a03470>, <snowplow_tracker.self_describing_json.SelfDescribingJson object at 0x720b3a8351c0>]}
[0m11:23:08.988537 [debug] [MainThread]: Flushing usage events
[0m11:23:10.260788 [debug] [MainThread]: An error was encountered while trying to flush usage events
[0m15:58:55.285844 [debug] [MainThread]: Sending event: {'category': 'dbt', 'action': 'invocation', 'label': 'start', 'context': [<snowplow_tracker.self_describing_json.SelfDescribingJson object at 0x757355c7c200>, <snowplow_tracker.self_describing_json.SelfDescribingJson object at 0x757353ebfb30>, <snowplow_tracker.self_describing_json.SelfDescribingJson object at 0x757355d78ad0>]}


============================== 15:58:55.292616 | 305a44d3-1c9f-480b-991b-04ebd74c07c6 ==============================
[0m15:58:55.292616 [info ] [MainThread]: Running with dbt=1.11.2
[0m15:58:55.293719 [debug] [MainThread]: running dbt with arguments {'quiet': 'False', 'target_path': 'None', 'printer_width': '80', 'empty': 'False', 'partial_parse': 'True', 'no_print': 'None', 'static_parser': 'True', 'log_cache_events': 'False', 'debug': 'False', 'use_experimental_parser': 'False', 'fail_fast': 'False', 'profiles_dir': '/home/haben-etsay/.dbt', 'log_path': 'logs', 'warn_error_options': 'WarnErrorOptionsV2(error=[], warn=[], silence=[])', 'introspect': 'True', 'log_format': 'default', 'send_anonymous_usage_stats': 'True', 'invocation_command': 'dbt run', 'version_check': 'True', 'write_json': 'True', 'indirect_selection': 'eager', 'warn_error': 'None', 'use_colors': 'True', 'cache_selected_only': 'False'}
[0m15:58:55.294659 [error] [MainThread]: Encountered an error:
Runtime Error
  No dbt_project.yml found at expected path /home/haben-etsay/Pictures/week 8/medical-telegram-warehouse/dbt_project.yml
  Verify that each entry within packages.yml (and their transitive dependencies) contains a file named dbt_project.yml
  
[0m15:58:55.296390 [debug] [MainThread]: Resource report: {"command_name": "run", "command_success": false, "command_wall_clock_time": 0.086952046, "process_in_blocks": "33968", "process_kernel_time": 0.238407, "process_mem_max_rss": "99780", "process_out_blocks": "24", "process_user_time": 2.061872}
[0m15:58:55.297229 [debug] [MainThread]: Command `dbt run` failed at 15:58:55.297077 after 0.09 seconds
[0m15:58:55.297880 [debug] [MainThread]: Sending event: {'category': 'dbt', 'action': 'invocation', 'label': 'end', 'context': [<snowplow_tracker.self_describing_json.SelfDescribingJson object at 0x7573538c09e0>, <snowplow_tracker.self_describing_json.SelfDescribingJson object at 0x757353de1ee0>, <snowplow_tracker.self_describing_json.SelfDescribingJson object at 0x757355c7c200>]}
[0m15:58:55.298605 [debug] [MainThread]: Flushing usage events
[0m15:58:56.784174 [debug] [MainThread]: An error was encountered while trying to flush usage events
