2026-01-17 10:36:37,940 - INFO - Connecting to 149.154.167.51:443/TcpFull...
2026-01-17 10:36:39,903 - INFO - Connection to 149.154.167.51:443/TcpFull complete!
2026-01-17 10:37:03,219 - INFO - Connecting to 149.154.167.51:443/TcpFull...
2026-01-17 10:37:03,322 - INFO - Connection to 149.154.167.51:443/TcpFull complete!
2026-01-17 10:37:13,108 - INFO - Phone migrated to 4
2026-01-17 10:37:13,234 - INFO - Reconnecting to new data center 4
2026-01-17 10:37:13,392 - INFO - Disconnecting from 149.154.167.51:443/TcpFull...
2026-01-17 10:37:13,393 - INFO - Disconnection from 149.154.167.51:443/TcpFull complete!
2026-01-17 10:37:13,393 - INFO - Connecting to 149.154.167.91:443/TcpFull...
2026-01-17 10:37:14,790 - INFO - Connection to 149.154.167.91:443/TcpFull complete!
2026-01-17 10:38:14,657 - INFO - Starting scrape for channel: lobelia4cosmetics
2026-01-17 10:38:15,223 - INFO - Starting direct file download in chunks of 131072 at 0, stride 131072
2026-01-17 10:38:15,482 - INFO - Starting direct file download in chunks of 131072 at 0, stride 131072
2026-01-17 10:38:15,685 - INFO - Starting direct file download in chunks of 131072 at 0, stride 131072
2026-01-17 10:38:15,958 - INFO - Starting direct file download in chunks of 131072 at 0, stride 131072
2026-01-17 10:38:16,162 - INFO - Starting direct file download in chunks of 131072 at 0, stride 131072
2026-01-17 10:38:16,360 - INFO - Starting direct file download in chunks of 131072 at 0, stride 131072
2026-01-17 10:38:16,497 - INFO - Starting direct file download in chunks of 131072 at 0, stride 131072
2026-01-17 10:38:16,734 - INFO - Starting direct file download in chunks of 131072 at 0, stride 131072
2026-01-17 10:38:16,929 - INFO - Starting direct file download in chunks of 131072 at 0, stride 131072
2026-01-17 10:38:17,087 - INFO - Starting direct file download in chunks of 131072 at 0, stride 131072
2026-01-17 10:38:17,229 - INFO - Starting direct file download in chunks of 131072 at 0, stride 131072
2026-01-17 10:38:17,419 - INFO - Starting direct file download in chunks of 131072 at 0, stride 131072
2026-01-17 10:38:17,631 - INFO - Starting direct file download in chunks of 131072 at 0, stride 131072
2026-01-17 10:38:17,857 - INFO - Starting direct file download in chunks of 131072 at 0, stride 131072
2026-01-17 10:38:18,047 - INFO - Starting direct file download in chunks of 131072 at 0, stride 131072
2026-01-17 10:38:18,333 - INFO - Starting direct file download in chunks of 131072 at 0, stride 131072
2026-01-17 10:38:19,230 - INFO - Starting direct file download in chunks of 131072 at 0, stride 131072
2026-01-17 10:38:19,425 - INFO - Starting direct file download in chunks of 131072 at 0, stride 131072
2026-01-17 10:38:19,631 - INFO - Starting direct file download in chunks of 131072 at 0, stride 131072
2026-01-17 10:38:20,986 - INFO - Starting direct file download in chunks of 131072 at 0, stride 131072
2026-01-17 10:38:21,111 - INFO - Starting direct file download in chunks of 131072 at 0, stride 131072
2026-01-17 10:38:21,325 - INFO - Starting direct file download in chunks of 131072 at 0, stride 131072
2026-01-17 10:38:21,662 - INFO - Starting direct file download in chunks of 131072 at 0, stride 131072
2026-01-17 10:38:22,086 - INFO - Starting direct file download in chunks of 131072 at 0, stride 131072
2026-01-17 10:38:23,191 - INFO - Starting direct file download in chunks of 131072 at 0, stride 131072
2026-01-17 10:38:23,533 - INFO - Starting direct file download in chunks of 131072 at 0, stride 131072
2026-01-17 10:38:23,835 - INFO - Starting direct file download in chunks of 131072 at 0, stride 131072
2026-01-17 10:38:23,988 - INFO - Starting direct file download in chunks of 131072 at 0, stride 131072
2026-01-17 10:38:24,170 - INFO - Starting direct file download in chunks of 131072 at 0, stride 131072
2026-01-17 10:38:24,491 - INFO - Starting direct file download in chunks of 131072 at 0, stride 131072
2026-01-17 10:38:24,735 - INFO - Starting direct file download in chunks of 131072 at 0, stride 131072
2026-01-17 10:38:24,920 - INFO - Starting direct file download in chunks of 131072 at 0, stride 131072
2026-01-17 10:38:25,042 - INFO - Starting direct file download in chunks of 131072 at 0, stride 131072
2026-01-17 10:38:25,174 - INFO - Starting direct file download in chunks of 131072 at 0, stride 131072
2026-01-17 10:38:25,303 - INFO - Starting direct file download in chunks of 131072 at 0, stride 131072
2026-01-17 10:38:25,674 - INFO - Starting direct file download in chunks of 131072 at 0, stride 131072
2026-01-17 10:38:25,886 - INFO - Starting direct file download in chunks of 131072 at 0, stride 131072
2026-01-17 10:38:26,080 - INFO - Starting direct file download in chunks of 131072 at 0, stride 131072
2026-01-17 10:38:26,483 - INFO - Starting direct file download in chunks of 131072 at 0, stride 131072
2026-01-17 10:38:26,874 - INFO - Starting direct file download in chunks of 131072 at 0, stride 131072
2026-01-17 10:38:27,103 - INFO - Starting direct file download in chunks of 131072 at 0, stride 131072
2026-01-17 10:38:27,234 - INFO - Starting direct file download in chunks of 131072 at 0, stride 131072
2026-01-17 10:38:27,460 - INFO - Starting direct file download in chunks of 131072 at 0, stride 131072
2026-01-17 10:38:27,636 - INFO - Starting direct file download in chunks of 131072 at 0, stride 131072
2026-01-17 10:38:27,808 - INFO - Starting direct file download in chunks of 131072 at 0, stride 131072
2026-01-17 10:38:27,985 - INFO - Starting direct file download in chunks of 131072 at 0, stride 131072
2026-01-17 10:38:28,188 - INFO - Starting direct file download in chunks of 131072 at 0, stride 131072
2026-01-17 10:38:28,396 - INFO - Starting direct file download in chunks of 131072 at 0, stride 131072
2026-01-17 10:38:28,869 - INFO - Starting direct file download in chunks of 131072 at 0, stride 131072
2026-01-17 10:38:29,100 - INFO - Starting direct file download in chunks of 131072 at 0, stride 131072
2026-01-17 10:38:29,548 - INFO - Starting direct file download in chunks of 131072 at 0, stride 131072
2026-01-17 10:38:29,801 - INFO - Starting direct file download in chunks of 131072 at 0, stride 131072
2026-01-17 10:38:30,040 - INFO - Starting direct file download in chunks of 131072 at 0, stride 131072
2026-01-17 10:38:30,495 - INFO - Starting direct file download in chunks of 131072 at 0, stride 131072
2026-01-17 10:38:30,677 - INFO - Starting direct file download in chunks of 131072 at 0, stride 131072
2026-01-17 10:38:30,860 - INFO - Starting direct file download in chunks of 131072 at 0, stride 131072
2026-01-17 10:38:31,051 - INFO - Starting direct file download in chunks of 131072 at 0, stride 131072
2026-01-17 10:38:31,305 - INFO - Starting direct file download in chunks of 131072 at 0, stride 131072
2026-01-17 10:38:31,784 - INFO - Starting direct file download in chunks of 131072 at 0, stride 131072
2026-01-17 10:38:31,957 - INFO - Starting direct file download in chunks of 131072 at 0, stride 131072
2026-01-17 10:38:32,147 - INFO - Starting direct file download in chunks of 131072 at 0, stride 131072
2026-01-17 10:38:32,503 - INFO - Starting direct file download in chunks of 131072 at 0, stride 131072
2026-01-17 10:38:32,684 - INFO - Starting direct file download in chunks of 131072 at 0, stride 131072
2026-01-17 10:38:32,912 - INFO - Starting direct file download in chunks of 131072 at 0, stride 131072
2026-01-17 10:38:33,114 - INFO - Starting direct file download in chunks of 131072 at 0, stride 131072
2026-01-17 10:38:33,310 - INFO - Starting direct file download in chunks of 131072 at 0, stride 131072
2026-01-17 10:38:33,748 - INFO - Starting direct file download in chunks of 131072 at 0, stride 131072
2026-01-17 10:38:34,002 - INFO - Starting direct file download in chunks of 131072 at 0, stride 131072
2026-01-17 10:38:34,146 - INFO - Starting direct file download in chunks of 131072 at 0, stride 131072
2026-01-17 10:38:34,288 - INFO - Starting direct file download in chunks of 131072 at 0, stride 131072
2026-01-17 10:38:34,685 - INFO - Starting direct file download in chunks of 131072 at 0, stride 131072
2026-01-17 10:38:35,069 - INFO - Starting direct file download in chunks of 131072 at 0, stride 131072
2026-01-17 10:38:35,224 - INFO - Starting direct file download in chunks of 131072 at 0, stride 131072
2026-01-17 10:38:35,403 - INFO - Starting direct file download in chunks of 131072 at 0, stride 131072
2026-01-17 10:38:35,794 - INFO - Starting direct file download in chunks of 131072 at 0, stride 131072
2026-01-17 10:38:35,949 - INFO - Starting direct file download in chunks of 131072 at 0, stride 131072
2026-01-17 10:38:36,106 - INFO - Starting direct file download in chunks of 131072 at 0, stride 131072
2026-01-17 10:38:36,258 - INFO - Starting direct file download in chunks of 131072 at 0, stride 131072
2026-01-17 10:38:36,436 - INFO - Starting direct file download in chunks of 131072 at 0, stride 131072
2026-01-17 10:38:36,572 - INFO - Starting direct file download in chunks of 131072 at 0, stride 131072
2026-01-17 10:38:36,755 - INFO - Starting direct file download in chunks of 131072 at 0, stride 131072
2026-01-17 10:38:36,929 - INFO - Starting direct file download in chunks of 131072 at 0, stride 131072
2026-01-17 10:38:37,316 - INFO - Starting direct file download in chunks of 131072 at 0, stride 131072
2026-01-17 10:38:37,546 - INFO - Starting direct file download in chunks of 131072 at 0, stride 131072
2026-01-17 10:38:37,738 - INFO - Starting direct file download in chunks of 131072 at 0, stride 131072
2026-01-17 10:38:37,922 - INFO - Starting direct file download in chunks of 131072 at 0, stride 131072
2026-01-17 10:38:38,131 - INFO - Starting direct file download in chunks of 131072 at 0, stride 131072
2026-01-17 10:38:38,488 - INFO - Starting direct file download in chunks of 131072 at 0, stride 131072
2026-01-17 10:38:38,608 - INFO - Starting direct file download in chunks of 131072 at 0, stride 131072
2026-01-17 10:38:38,785 - INFO - Starting direct file download in chunks of 131072 at 0, stride 131072
2026-01-17 10:38:38,909 - INFO - Starting direct file download in chunks of 131072 at 0, stride 131072
2026-01-17 10:38:39,031 - INFO - Starting direct file download in chunks of 131072 at 0, stride 131072
2026-01-17 10:38:39,227 - INFO - Starting direct file download in chunks of 131072 at 0, stride 131072
2026-01-17 10:38:39,402 - INFO - Starting direct file download in chunks of 131072 at 0, stride 131072
2026-01-17 10:38:39,572 - INFO - Starting direct file download in chunks of 131072 at 0, stride 131072
2026-01-17 10:38:39,767 - INFO - Starting direct file download in chunks of 131072 at 0, stride 131072
2026-01-17 10:38:40,154 - INFO - Starting direct file download in chunks of 131072 at 0, stride 131072
2026-01-17 10:38:40,501 - INFO - Starting direct file download in chunks of 131072 at 0, stride 131072
2026-01-17 10:38:40,692 - INFO - Starting direct file download in chunks of 131072 at 0, stride 131072
2026-01-17 10:38:40,884 - INFO - Starting direct file download in chunks of 131072 at 0, stride 131072
2026-01-17 10:38:41,095 - INFO - Saved 100 messages for lobelia4cosmetics to data/raw/telegram_messages/2026-01-17/lobelia4cosmetics.json
2026-01-17 10:38:41,095 - INFO - Starting scrape for channel: tikvahpharma
2026-01-17 10:38:41,653 - INFO - Starting direct file download in chunks of 131072 at 0, stride 131072
2026-01-17 10:38:42,114 - INFO - Starting direct file download in chunks of 131072 at 0, stride 131072
2026-01-17 10:38:42,338 - INFO - Starting direct file download in chunks of 131072 at 0, stride 131072
2026-01-17 10:38:42,496 - INFO - Starting direct file download in chunks of 131072 at 0, stride 131072
2026-01-17 10:38:42,691 - INFO - Starting direct file download in chunks of 131072 at 0, stride 131072
2026-01-17 10:38:42,833 - INFO - Starting direct file download in chunks of 131072 at 0, stride 131072
2026-01-17 10:38:43,030 - INFO - Starting direct file download in chunks of 131072 at 0, stride 131072
2026-01-17 10:38:43,222 - INFO - Starting direct file download in chunks of 131072 at 0, stride 131072
2026-01-17 10:38:43,685 - INFO - Starting direct file download in chunks of 131072 at 0, stride 131072
2026-01-17 10:38:44,110 - INFO - Starting direct file download in chunks of 131072 at 0, stride 131072
2026-01-17 10:38:44,259 - INFO - Starting direct file download in chunks of 131072 at 0, stride 131072
2026-01-17 10:38:44,695 - INFO - Starting direct file download in chunks of 131072 at 0, stride 131072
2026-01-17 10:38:44,865 - INFO - Starting direct file download in chunks of 131072 at 0, stride 131072
2026-01-17 10:38:45,071 - INFO - Starting direct file download in chunks of 131072 at 0, stride 131072
2026-01-17 10:38:45,537 - INFO - Starting direct file download in chunks of 131072 at 0, stride 131072
2026-01-17 10:38:46,000 - INFO - Starting direct file download in chunks of 131072 at 0, stride 131072
2026-01-17 10:38:46,406 - INFO - Starting direct file download in chunks of 131072 at 0, stride 131072
2026-01-17 10:38:46,638 - INFO - Starting direct file download in chunks of 131072 at 0, stride 131072
2026-01-17 10:38:47,074 - INFO - Starting direct file download in chunks of 131072 at 0, stride 131072
2026-01-17 10:38:47,211 - INFO - Starting direct file download in chunks of 131072 at 0, stride 131072
2026-01-17 10:38:47,596 - INFO - Starting direct file download in chunks of 131072 at 0, stride 131072
2026-01-17 10:38:48,017 - INFO - Starting direct file download in chunks of 131072 at 0, stride 131072
2026-01-17 10:38:48,300 - INFO - Starting direct file download in chunks of 131072 at 0, stride 131072
2026-01-17 10:38:48,686 - INFO - Starting direct file download in chunks of 131072 at 0, stride 131072
2026-01-17 10:38:49,079 - INFO - Starting direct file download in chunks of 131072 at 0, stride 131072
2026-01-17 10:38:49,219 - INFO - Starting direct file download in chunks of 131072 at 0, stride 131072
2026-01-17 10:38:49,451 - INFO - Starting direct file download in chunks of 131072 at 0, stride 131072
2026-01-17 10:38:49,604 - INFO - Starting direct file download in chunks of 131072 at 0, stride 131072
2026-01-17 10:38:50,761 - INFO - Starting direct file download in chunks of 131072 at 0, stride 131072
2026-01-17 10:38:51,122 - INFO - Starting direct file download in chunks of 131072 at 0, stride 131072
2026-01-17 10:38:51,597 - INFO - Starting direct file download in chunks of 131072 at 0, stride 131072
2026-01-17 10:38:51,774 - INFO - Starting direct file download in chunks of 131072 at 0, stride 131072
2026-01-17 10:38:52,248 - INFO - Starting direct file download in chunks of 131072 at 0, stride 131072
2026-01-17 10:38:52,530 - INFO - Saved 100 messages for tikvahpharma to data/raw/telegram_messages/2026-01-17/tikvahpharma.json
2026-01-17 10:38:52,530 - INFO - Starting scrape for channel: sCheMed123
2026-01-17 10:38:52,653 - ERROR - Error scraping sCheMed123: No user has "schemed123" as username
2026-01-17 10:38:52,653 - INFO - Disconnecting from 149.154.167.91:443/TcpFull...
2026-01-17 10:38:52,653 - INFO - Disconnection from 149.154.167.91:443/TcpFull complete!
2026-01-17 10:39:39,086 - INFO - Connecting to 149.154.167.91:443/TcpFull...
2026-01-17 10:39:39,189 - INFO - Connection to 149.154.167.91:443/TcpFull complete!
2026-01-17 10:39:39,874 - INFO - Starting scrape for channel: lobelia4cosmetics
2026-01-17 10:39:40,384 - INFO - Starting direct file download in chunks of 131072 at 0, stride 131072
2026-01-17 10:39:40,636 - INFO - Starting direct file download in chunks of 131072 at 0, stride 131072
2026-01-17 10:39:40,782 - INFO - Starting direct file download in chunks of 131072 at 0, stride 131072
2026-01-17 10:39:41,025 - INFO - Starting direct file download in chunks of 131072 at 0, stride 131072
2026-01-17 10:39:41,218 - INFO - Starting direct file download in chunks of 131072 at 0, stride 131072
2026-01-17 10:39:41,404 - INFO - Starting direct file download in chunks of 131072 at 0, stride 131072
2026-01-17 10:39:41,522 - INFO - Starting direct file download in chunks of 131072 at 0, stride 131072
2026-01-17 10:39:41,730 - INFO - Starting direct file download in chunks of 131072 at 0, stride 131072
2026-01-17 10:39:41,910 - INFO - Starting direct file download in chunks of 131072 at 0, stride 131072
2026-01-17 10:39:42,066 - INFO - Starting direct file download in chunks of 131072 at 0, stride 131072
2026-01-17 10:39:42,212 - INFO - Starting direct file download in chunks of 131072 at 0, stride 131072
2026-01-17 10:39:42,410 - INFO - Starting direct file download in chunks of 131072 at 0, stride 131072
2026-01-17 10:39:42,624 - INFO - Starting direct file download in chunks of 131072 at 0, stride 131072
2026-01-17 10:39:42,844 - INFO - Starting direct file download in chunks of 131072 at 0, stride 131072
2026-01-17 10:39:43,092 - INFO - Starting direct file download in chunks of 131072 at 0, stride 131072
2026-01-17 10:39:43,246 - INFO - Starting direct file download in chunks of 131072 at 0, stride 131072
2026-01-17 10:39:43,441 - INFO - Starting direct file download in chunks of 131072 at 0, stride 131072
2026-01-17 10:39:43,640 - INFO - Starting direct file download in chunks of 131072 at 0, stride 131072
2026-01-17 10:39:43,837 - INFO - Starting direct file download in chunks of 131072 at 0, stride 131072
2026-01-17 10:39:44,247 - INFO - Starting direct file download in chunks of 131072 at 0, stride 131072
2026-01-17 10:39:44,365 - INFO - Starting direct file download in chunks of 131072 at 0, stride 131072
2026-01-17 10:39:44,574 - INFO - Starting direct file download in chunks of 131072 at 0, stride 131072
2026-01-17 10:39:45,019 - INFO - Starting direct file download in chunks of 131072 at 0, stride 131072
2026-01-17 10:39:45,702 - INFO - Starting direct file download in chunks of 131072 at 0, stride 131072
2026-01-17 10:39:46,114 - INFO - Starting direct file download in chunks of 131072 at 0, stride 131072
2026-01-17 10:39:46,250 - INFO - Starting direct file download in chunks of 131072 at 0, stride 131072
2026-01-17 10:39:46,468 - INFO - Starting direct file download in chunks of 131072 at 0, stride 131072
2026-01-17 10:39:46,622 - INFO - Starting direct file download in chunks of 131072 at 0, stride 131072
2026-01-17 10:39:46,786 - INFO - Starting direct file download in chunks of 131072 at 0, stride 131072
2026-01-17 10:39:46,979 - INFO - Starting direct file download in chunks of 131072 at 0, stride 131072
2026-01-17 10:39:47,175 - INFO - Starting direct file download in chunks of 131072 at 0, stride 131072
2026-01-17 10:39:47,366 - INFO - Starting direct file download in chunks of 131072 at 0, stride 131072
2026-01-17 10:39:47,492 - INFO - Starting direct file download in chunks of 131072 at 0, stride 131072
2026-01-17 10:39:47,625 - INFO - Starting direct file download in chunks of 131072 at 0, stride 131072
2026-01-17 10:39:47,750 - INFO - Starting direct file download in chunks of 131072 at 0, stride 131072
2026-01-17 10:39:48,088 - INFO - Starting direct file download in chunks of 131072 at 0, stride 131072
2026-01-17 10:39:48,295 - INFO - Starting direct file download in chunks of 131072 at 0, stride 131072
2026-01-17 10:39:48,474 - INFO - Starting direct file download in chunks of 131072 at 0, stride 131072
2026-01-17 10:39:48,824 - INFO - Starting direct file download in chunks of 131072 at 0, stride 131072
2026-01-17 10:39:49,163 - INFO - Starting direct file download in chunks of 131072 at 0, stride 131072
2026-01-17 10:39:49,378 - INFO - Starting direct file download in chunks of 131072 at 0, stride 131072
2026-01-17 10:39:49,501 - INFO - Starting direct file download in chunks of 131072 at 0, stride 131072
2026-01-17 10:39:49,739 - INFO - Starting direct file download in chunks of 131072 at 0, stride 131072
2026-01-17 10:39:49,910 - INFO - Starting direct file download in chunks of 131072 at 0, stride 131072
2026-01-17 10:39:50,073 - INFO - Starting direct file download in chunks of 131072 at 0, stride 131072
2026-01-17 10:39:50,247 - INFO - Starting direct file download in chunks of 131072 at 0, stride 131072
2026-01-17 10:39:50,464 - INFO - Starting direct file download in chunks of 131072 at 0, stride 131072
2026-01-17 10:39:50,656 - INFO - Starting direct file download in chunks of 131072 at 0, stride 131072
2026-01-17 10:39:51,015 - INFO - Starting direct file download in chunks of 131072 at 0, stride 131072
2026-01-17 10:39:51,190 - INFO - Starting direct file download in chunks of 131072 at 0, stride 131072
2026-01-17 10:39:51,655 - INFO - Starting direct file download in chunks of 131072 at 0, stride 131072
2026-01-17 10:39:51,859 - INFO - Starting direct file download in chunks of 131072 at 0, stride 131072
2026-01-17 10:39:52,163 - INFO - Starting direct file download in chunks of 131072 at 0, stride 131072
2026-01-17 10:39:52,551 - INFO - Starting direct file download in chunks of 131072 at 0, stride 131072
2026-01-17 10:39:52,733 - INFO - Starting direct file download in chunks of 131072 at 0, stride 131072
2026-01-17 10:39:52,914 - INFO - Starting direct file download in chunks of 131072 at 0, stride 131072
2026-01-17 10:39:53,085 - INFO - Starting direct file download in chunks of 131072 at 0, stride 131072
2026-01-17 10:39:53,292 - INFO - Starting direct file download in chunks of 131072 at 0, stride 131072
2026-01-17 10:39:53,705 - INFO - Starting direct file download in chunks of 131072 at 0, stride 131072
2026-01-17 10:39:53,828 - INFO - Starting direct file download in chunks of 131072 at 0, stride 131072
2026-01-17 10:39:53,975 - INFO - Starting direct file download in chunks of 131072 at 0, stride 131072
2026-01-17 10:39:54,370 - INFO - Starting direct file download in chunks of 131072 at 0, stride 131072
2026-01-17 10:39:54,573 - INFO - Starting direct file download in chunks of 131072 at 0, stride 131072
2026-01-17 10:39:54,764 - INFO - Starting direct file download in chunks of 131072 at 0, stride 131072
2026-01-17 10:39:54,963 - INFO - Starting direct file download in chunks of 131072 at 0, stride 131072
2026-01-17 10:39:55,156 - INFO - Starting direct file download in chunks of 131072 at 0, stride 131072
2026-01-17 10:39:55,329 - INFO - Starting direct file download in chunks of 131072 at 0, stride 131072
2026-01-17 10:39:55,536 - INFO - Starting direct file download in chunks of 131072 at 0, stride 131072
2026-01-17 10:39:55,668 - INFO - Starting direct file download in chunks of 131072 at 0, stride 131072
2026-01-17 10:39:55,788 - INFO - Starting direct file download in chunks of 131072 at 0, stride 131072
2026-01-17 10:39:56,158 - INFO - Starting direct file download in chunks of 131072 at 0, stride 131072
2026-01-17 10:39:56,506 - INFO - Starting direct file download in chunks of 131072 at 0, stride 131072
2026-01-17 10:39:56,639 - INFO - Starting direct file download in chunks of 131072 at 0, stride 131072
2026-01-17 10:39:56,802 - INFO - Starting direct file download in chunks of 131072 at 0, stride 131072
2026-01-17 10:39:57,173 - INFO - Starting direct file download in chunks of 131072 at 0, stride 131072
2026-01-17 10:39:57,303 - INFO - Starting direct file download in chunks of 131072 at 0, stride 131072
2026-01-17 10:39:57,468 - INFO - Starting direct file download in chunks of 131072 at 0, stride 131072
2026-01-17 10:39:57,636 - INFO - Starting direct file download in chunks of 131072 at 0, stride 131072
2026-01-17 10:39:57,819 - INFO - Starting direct file download in chunks of 131072 at 0, stride 131072
2026-01-17 10:39:57,944 - INFO - Starting direct file download in chunks of 131072 at 0, stride 131072
2026-01-17 10:39:58,151 - INFO - Starting direct file download in chunks of 131072 at 0, stride 131072
2026-01-17 10:39:58,339 - INFO - Starting direct file download in chunks of 131072 at 0, stride 131072
2026-01-17 10:39:58,715 - INFO - Starting direct file download in chunks of 131072 at 0, stride 131072
2026-01-17 10:39:58,968 - INFO - Starting direct file download in chunks of 131072 at 0, stride 131072
2026-01-17 10:39:59,199 - INFO - Starting direct file download in chunks of 131072 at 0, stride 131072
2026-01-17 10:39:59,384 - INFO - Starting direct file download in chunks of 131072 at 0, stride 131072
2026-01-17 10:39:59,606 - INFO - Starting direct file download in chunks of 131072 at 0, stride 131072
2026-01-17 10:39:59,961 - INFO - Starting direct file download in chunks of 131072 at 0, stride 131072
2026-01-17 10:40:00,085 - INFO - Starting direct file download in chunks of 131072 at 0, stride 131072
2026-01-17 10:40:00,254 - INFO - Starting direct file download in chunks of 131072 at 0, stride 131072
2026-01-17 10:40:00,388 - INFO - Starting direct file download in chunks of 131072 at 0, stride 131072
2026-01-17 10:40:00,516 - INFO - Starting direct file download in chunks of 131072 at 0, stride 131072
2026-01-17 10:40:00,710 - INFO - Starting direct file download in chunks of 131072 at 0, stride 131072
2026-01-17 10:40:00,884 - INFO - Starting direct file download in chunks of 131072 at 0, stride 131072
2026-01-17 10:40:01,040 - INFO - Starting direct file download in chunks of 131072 at 0, stride 131072
2026-01-17 10:40:01,248 - INFO - Starting direct file download in chunks of 131072 at 0, stride 131072
2026-01-17 10:40:01,609 - INFO - Starting direct file download in chunks of 131072 at 0, stride 131072
2026-01-17 10:40:01,979 - INFO - Starting direct file download in chunks of 131072 at 0, stride 131072
2026-01-17 10:40:02,185 - INFO - Starting direct file download in chunks of 131072 at 0, stride 131072
2026-01-17 10:40:02,403 - INFO - Starting direct file download in chunks of 131072 at 0, stride 131072
2026-01-17 10:40:02,666 - INFO - Saved 100 messages for lobelia4cosmetics to data/raw/telegram_messages/2026-01-17/lobelia4cosmetics.json
2026-01-17 10:40:02,667 - INFO - Starting scrape for channel: tikvahpharma
2026-01-17 10:40:03,296 - INFO - Starting direct file download in chunks of 131072 at 0, stride 131072
2026-01-17 10:40:03,832 - INFO - Starting direct file download in chunks of 131072 at 0, stride 131072
2026-01-17 10:40:04,058 - INFO - Starting direct file download in chunks of 131072 at 0, stride 131072
2026-01-17 10:40:04,214 - INFO - Starting direct file download in chunks of 131072 at 0, stride 131072
2026-01-17 10:40:04,448 - INFO - Starting direct file download in chunks of 131072 at 0, stride 131072
2026-01-17 10:40:04,598 - INFO - Starting direct file download in chunks of 131072 at 0, stride 131072
2026-01-17 10:40:04,795 - INFO - Starting direct file download in chunks of 131072 at 0, stride 131072
2026-01-17 10:40:04,981 - INFO - Starting direct file download in chunks of 131072 at 0, stride 131072
2026-01-17 10:40:05,488 - INFO - Starting direct file download in chunks of 131072 at 0, stride 131072
2026-01-17 10:40:06,048 - INFO - Starting direct file download in chunks of 131072 at 0, stride 131072
2026-01-17 10:40:06,295 - INFO - Starting direct file download in chunks of 131072 at 0, stride 131072
2026-01-17 10:40:06,695 - INFO - Starting direct file download in chunks of 131072 at 0, stride 131072
2026-01-17 10:40:06,869 - INFO - Starting direct file download in chunks of 131072 at 0, stride 131072
2026-01-17 10:40:07,105 - INFO - Starting direct file download in chunks of 131072 at 0, stride 131072
2026-01-17 10:40:07,704 - INFO - Starting direct file download in chunks of 131072 at 0, stride 131072
2026-01-17 10:40:08,192 - INFO - Starting direct file download in chunks of 131072 at 0, stride 131072
2026-01-17 10:40:08,618 - INFO - Starting direct file download in chunks of 131072 at 0, stride 131072
2026-01-17 10:40:08,869 - INFO - Starting direct file download in chunks of 131072 at 0, stride 131072
2026-01-17 10:40:09,397 - INFO - Starting direct file download in chunks of 131072 at 0, stride 131072
2026-01-17 10:40:09,539 - INFO - Starting direct file download in chunks of 131072 at 0, stride 131072
2026-01-17 10:40:09,996 - INFO - Starting direct file download in chunks of 131072 at 0, stride 131072
2026-01-17 10:40:10,424 - INFO - Starting direct file download in chunks of 131072 at 0, stride 131072
2026-01-17 10:40:10,684 - INFO - Starting direct file download in chunks of 131072 at 0, stride 131072
2026-01-17 10:40:11,331 - INFO - Starting direct file download in chunks of 131072 at 0, stride 131072
2026-01-17 10:40:11,772 - INFO - Starting direct file download in chunks of 131072 at 0, stride 131072
2026-01-17 10:40:11,933 - INFO - Starting direct file download in chunks of 131072 at 0, stride 131072
2026-01-17 10:40:12,157 - INFO - Starting direct file download in chunks of 131072 at 0, stride 131072
2026-01-17 10:40:12,391 - INFO - Starting direct file download in chunks of 131072 at 0, stride 131072
2026-01-17 10:40:13,514 - INFO - Starting direct file download in chunks of 131072 at 0, stride 131072
2026-01-17 10:40:13,912 - INFO - Starting direct file download in chunks of 131072 at 0, stride 131072
2026-01-17 10:40:14,278 - INFO - Starting direct file download in chunks of 131072 at 0, stride 131072
2026-01-17 10:40:14,404 - INFO - Starting direct file download in chunks of 131072 at 0, stride 131072
2026-01-17 10:40:14,763 - INFO - Starting direct file download in chunks of 131072 at 0, stride 131072
2026-01-17 10:40:15,006 - INFO - Saved 100 messages for tikvahpharma to data/raw/telegram_messages/2026-01-17/tikvahpharma.json
2026-01-17 10:40:15,007 - INFO - Starting scrape for channel: sCheMed123
2026-01-17 10:40:15,118 - ERROR - Error scraping sCheMed123: No user has "schemed123" as username
2026-01-17 10:40:15,118 - INFO - Disconnecting from 149.154.167.91:443/TcpFull...
2026-01-17 10:40:15,118 - INFO - Disconnection from 149.154.167.91:443/TcpFull complete!
2026-01-17 10:41:47,788 - INFO - Connecting to 149.154.167.91:443/TcpFull...
2026-01-17 10:41:47,894 - INFO - Connection to 149.154.167.91:443/TcpFull complete!
2026-01-17 10:41:48,611 - INFO - Starting scrape for channel: lobelia4cosmetics
2026-01-17 10:41:49,050 - INFO - Starting direct file download in chunks of 131072 at 0, stride 131072
2026-01-17 10:41:49,294 - INFO - Starting direct file download in chunks of 131072 at 0, stride 131072
2026-01-17 10:41:49,490 - INFO - Starting direct file download in chunks of 131072 at 0, stride 131072
2026-01-17 10:41:49,837 - INFO - Starting direct file download in chunks of 131072 at 0, stride 131072
2026-01-17 10:41:50,056 - INFO - Starting direct file download in chunks of 131072 at 0, stride 131072
2026-01-17 10:41:50,234 - INFO - Starting direct file download in chunks of 131072 at 0, stride 131072
2026-01-17 10:41:50,363 - INFO - Starting direct file download in chunks of 131072 at 0, stride 131072
2026-01-17 10:41:50,570 - INFO - Starting direct file download in chunks of 131072 at 0, stride 131072
2026-01-17 10:41:50,744 - INFO - Starting direct file download in chunks of 131072 at 0, stride 131072
2026-01-17 10:41:50,896 - INFO - Starting direct file download in chunks of 131072 at 0, stride 131072
2026-01-17 10:41:51,039 - INFO - Starting direct file download in chunks of 131072 at 0, stride 131072
2026-01-17 10:41:51,228 - INFO - Starting direct file download in chunks of 131072 at 0, stride 131072
2026-01-17 10:41:51,424 - INFO - Starting direct file download in chunks of 131072 at 0, stride 131072
2026-01-17 10:41:51,655 - INFO - Starting direct file download in chunks of 131072 at 0, stride 131072
2026-01-17 10:41:51,786 - INFO - Starting direct file download in chunks of 131072 at 0, stride 131072
2026-01-17 10:41:51,910 - INFO - Starting direct file download in chunks of 131072 at 0, stride 131072
2026-01-17 10:41:52,108 - INFO - Starting direct file download in chunks of 131072 at 0, stride 131072
2026-01-17 10:41:52,358 - INFO - Starting direct file download in chunks of 131072 at 0, stride 131072
2026-01-17 10:41:52,559 - INFO - Starting direct file download in chunks of 131072 at 0, stride 131072
2026-01-17 10:41:52,935 - INFO - Starting direct file download in chunks of 131072 at 0, stride 131072
2026-01-17 10:41:53,060 - INFO - Starting direct file download in chunks of 131072 at 0, stride 131072
2026-01-17 10:41:53,285 - INFO - Starting direct file download in chunks of 131072 at 0, stride 131072
2026-01-17 10:41:53,732 - INFO - Starting direct file download in chunks of 131072 at 0, stride 131072
2026-01-17 10:41:54,147 - INFO - Starting direct file download in chunks of 131072 at 0, stride 131072
2026-01-17 10:41:54,509 - INFO - Starting direct file download in chunks of 131072 at 0, stride 131072
2026-01-17 10:41:54,665 - INFO - Starting direct file download in chunks of 131072 at 0, stride 131072
2026-01-17 10:41:54,895 - INFO - Starting direct file download in chunks of 131072 at 0, stride 131072
2026-01-17 10:41:55,034 - INFO - Starting direct file download in chunks of 131072 at 0, stride 131072
2026-01-17 10:41:55,168 - INFO - Starting direct file download in chunks of 131072 at 0, stride 131072
2026-01-17 10:41:55,363 - INFO - Starting direct file download in chunks of 131072 at 0, stride 131072
2026-01-17 10:41:55,552 - INFO - Starting direct file download in chunks of 131072 at 0, stride 131072
2026-01-17 10:41:55,745 - INFO - Starting direct file download in chunks of 131072 at 0, stride 131072
2026-01-17 10:41:55,881 - INFO - Starting direct file download in chunks of 131072 at 0, stride 131072
2026-01-17 10:41:56,008 - INFO - Starting direct file download in chunks of 131072 at 0, stride 131072
2026-01-17 10:41:56,143 - INFO - Starting direct file download in chunks of 131072 at 0, stride 131072
2026-01-17 10:41:56,495 - INFO - Starting direct file download in chunks of 131072 at 0, stride 131072
2026-01-17 10:41:56,720 - INFO - Starting direct file download in chunks of 131072 at 0, stride 131072
2026-01-17 10:41:56,920 - INFO - Starting direct file download in chunks of 131072 at 0, stride 131072
2026-01-17 10:41:57,270 - INFO - Starting direct file download in chunks of 131072 at 0, stride 131072
2026-01-17 10:41:57,616 - INFO - Starting direct file download in chunks of 131072 at 0, stride 131072
2026-01-17 10:41:57,836 - INFO - Starting direct file download in chunks of 131072 at 0, stride 131072
2026-01-17 10:41:57,956 - INFO - Starting direct file download in chunks of 131072 at 0, stride 131072
2026-01-17 10:41:58,181 - INFO - Starting direct file download in chunks of 131072 at 0, stride 131072
2026-01-17 10:41:58,351 - INFO - Starting direct file download in chunks of 131072 at 0, stride 131072
2026-01-17 10:41:58,510 - INFO - Starting direct file download in chunks of 131072 at 0, stride 131072
2026-01-17 10:41:58,689 - INFO - Starting direct file download in chunks of 131072 at 0, stride 131072
2026-01-17 10:41:58,890 - INFO - Starting direct file download in chunks of 131072 at 0, stride 131072
2026-01-17 10:41:59,082 - INFO - Starting direct file download in chunks of 131072 at 0, stride 131072
2026-01-17 10:41:59,471 - INFO - Starting direct file download in chunks of 131072 at 0, stride 131072
2026-01-17 10:41:59,647 - INFO - Starting direct file download in chunks of 131072 at 0, stride 131072
2026-01-17 10:42:00,086 - INFO - Starting direct file download in chunks of 131072 at 0, stride 131072
2026-01-17 10:42:00,287 - INFO - Starting direct file download in chunks of 131072 at 0, stride 131072
2026-01-17 10:42:00,496 - INFO - Starting direct file download in chunks of 131072 at 0, stride 131072
2026-01-17 10:42:00,873 - INFO - Starting direct file download in chunks of 131072 at 0, stride 131072
2026-01-17 10:42:01,058 - INFO - Starting direct file download in chunks of 131072 at 0, stride 131072
2026-01-17 10:42:01,233 - INFO - Starting direct file download in chunks of 131072 at 0, stride 131072
2026-01-17 10:42:01,411 - INFO - Starting direct file download in chunks of 131072 at 0, stride 131072
2026-01-17 10:42:01,625 - INFO - Starting direct file download in chunks of 131072 at 0, stride 131072
2026-01-17 10:42:01,980 - INFO - Starting direct file download in chunks of 131072 at 0, stride 131072
2026-01-17 10:42:02,121 - INFO - Starting direct file download in chunks of 131072 at 0, stride 131072
2026-01-17 10:42:02,287 - INFO - Starting direct file download in chunks of 131072 at 0, stride 131072
2026-01-17 10:42:02,661 - INFO - Starting direct file download in chunks of 131072 at 0, stride 131072
2026-01-17 10:42:02,844 - INFO - Starting direct file download in chunks of 131072 at 0, stride 131072
2026-01-17 10:42:03,040 - INFO - Starting direct file download in chunks of 131072 at 0, stride 131072
2026-01-17 10:42:03,242 - INFO - Starting direct file download in chunks of 131072 at 0, stride 131072
2026-01-17 10:42:03,432 - INFO - Starting direct file download in chunks of 131072 at 0, stride 131072
2026-01-17 10:42:03,593 - INFO - Starting direct file download in chunks of 131072 at 0, stride 131072
2026-01-17 10:42:03,836 - INFO - Starting direct file download in chunks of 131072 at 0, stride 131072
2026-01-17 10:42:04,140 - INFO - Starting direct file download in chunks of 131072 at 0, stride 131072
2026-01-17 10:42:04,345 - INFO - Starting direct file download in chunks of 131072 at 0, stride 131072
2026-01-17 10:42:04,820 - INFO - Starting direct file download in chunks of 131072 at 0, stride 131072
2026-01-17 10:42:05,192 - INFO - Starting direct file download in chunks of 131072 at 0, stride 131072
2026-01-17 10:42:05,331 - INFO - Starting direct file download in chunks of 131072 at 0, stride 131072
2026-01-17 10:42:05,688 - INFO - Starting direct file download in chunks of 131072 at 0, stride 131072
2026-01-17 10:42:06,148 - INFO - Starting direct file download in chunks of 131072 at 0, stride 131072
2026-01-17 10:42:06,306 - INFO - Starting direct file download in chunks of 131072 at 0, stride 131072
2026-01-17 10:42:06,488 - INFO - Starting direct file download in chunks of 131072 at 0, stride 131072
2026-01-17 10:42:06,647 - INFO - Starting direct file download in chunks of 131072 at 0, stride 131072
2026-01-17 10:42:06,911 - INFO - Starting direct file download in chunks of 131072 at 0, stride 131072
2026-01-17 10:42:07,055 - INFO - Starting direct file download in chunks of 131072 at 0, stride 131072
2026-01-17 10:42:07,363 - INFO - Starting direct file download in chunks of 131072 at 0, stride 131072
2026-01-17 10:42:07,514 - INFO - Starting direct file download in chunks of 131072 at 0, stride 131072
2026-01-17 10:42:07,886 - INFO - Starting direct file download in chunks of 131072 at 0, stride 131072
2026-01-17 10:42:08,105 - INFO - Starting direct file download in chunks of 131072 at 0, stride 131072
2026-01-17 10:42:08,319 - INFO - Starting direct file download in chunks of 131072 at 0, stride 131072
2026-01-17 10:42:08,509 - INFO - Starting direct file download in chunks of 131072 at 0, stride 131072
2026-01-17 10:42:08,765 - INFO - Starting direct file download in chunks of 131072 at 0, stride 131072
2026-01-17 10:42:09,202 - INFO - Starting direct file download in chunks of 131072 at 0, stride 131072
2026-01-17 10:42:09,431 - INFO - Starting direct file download in chunks of 131072 at 0, stride 131072
2026-01-17 10:42:09,671 - INFO - Starting direct file download in chunks of 131072 at 0, stride 131072
2026-01-17 10:42:09,908 - INFO - Starting direct file download in chunks of 131072 at 0, stride 131072
2026-01-17 10:42:10,108 - INFO - Starting direct file download in chunks of 131072 at 0, stride 131072
2026-01-17 10:42:10,320 - INFO - Starting direct file download in chunks of 131072 at 0, stride 131072
2026-01-17 10:42:10,497 - INFO - Starting direct file download in chunks of 131072 at 0, stride 131072
2026-01-17 10:42:10,667 - INFO - Starting direct file download in chunks of 131072 at 0, stride 131072
2026-01-17 10:42:10,873 - INFO - Starting direct file download in chunks of 131072 at 0, stride 131072
2026-01-17 10:42:11,269 - INFO - Starting direct file download in chunks of 131072 at 0, stride 131072
2026-01-17 10:42:11,660 - INFO - Starting direct file download in chunks of 131072 at 0, stride 131072
2026-01-17 10:42:11,870 - INFO - Starting direct file download in chunks of 131072 at 0, stride 131072
2026-01-17 10:42:12,075 - INFO - Starting direct file download in chunks of 131072 at 0, stride 131072
2026-01-17 10:42:12,283 - INFO - Saved 100 messages for lobelia4cosmetics to data/raw/telegram_messages/2026-01-17/lobelia4cosmetics.json
2026-01-17 10:42:12,283 - INFO - Starting scrape for channel: tikvahpharma
2026-01-17 10:42:12,786 - INFO - Starting direct file download in chunks of 131072 at 0, stride 131072
2026-01-17 10:42:13,270 - INFO - Starting direct file download in chunks of 131072 at 0, stride 131072
2026-01-17 10:42:13,513 - INFO - Starting direct file download in chunks of 131072 at 0, stride 131072
2026-01-17 10:42:13,676 - INFO - Starting direct file download in chunks of 131072 at 0, stride 131072
2026-01-17 10:42:13,945 - INFO - Starting direct file download in chunks of 131072 at 0, stride 131072
2026-01-17 10:42:14,124 - INFO - Starting direct file download in chunks of 131072 at 0, stride 131072
2026-01-17 10:42:14,347 - INFO - Starting direct file download in chunks of 131072 at 0, stride 131072
2026-01-17 10:42:14,634 - INFO - Starting direct file download in chunks of 131072 at 0, stride 131072
2026-01-17 10:42:15,229 - INFO - Starting direct file download in chunks of 131072 at 0, stride 131072
2026-01-17 10:42:15,684 - INFO - Starting direct file download in chunks of 131072 at 0, stride 131072
2026-01-17 10:42:15,857 - INFO - Starting direct file download in chunks of 131072 at 0, stride 131072
2026-01-17 10:42:16,219 - INFO - Starting direct file download in chunks of 131072 at 0, stride 131072
2026-01-17 10:42:16,388 - INFO - Starting direct file download in chunks of 131072 at 0, stride 131072
2026-01-17 10:42:16,607 - INFO - Starting direct file download in chunks of 131072 at 0, stride 131072
2026-01-17 10:42:17,130 - INFO - Starting direct file download in chunks of 131072 at 0, stride 131072
2026-01-17 10:42:17,594 - INFO - Starting direct file download in chunks of 131072 at 0, stride 131072
2026-01-17 10:42:17,968 - INFO - Starting direct file download in chunks of 131072 at 0, stride 131072
2026-01-17 10:42:18,223 - INFO - Starting direct file download in chunks of 131072 at 0, stride 131072
2026-01-17 10:42:18,654 - INFO - Starting direct file download in chunks of 131072 at 0, stride 131072
2026-01-17 10:42:18,778 - INFO - Starting direct file download in chunks of 131072 at 0, stride 131072
2026-01-17 10:42:19,207 - INFO - Starting direct file download in chunks of 131072 at 0, stride 131072
2026-01-17 10:42:19,587 - INFO - Starting direct file download in chunks of 131072 at 0, stride 131072
2026-01-17 10:42:19,817 - INFO - Starting direct file download in chunks of 131072 at 0, stride 131072
2026-01-17 10:42:20,225 - INFO - Starting direct file download in chunks of 131072 at 0, stride 131072
2026-01-17 10:42:20,745 - INFO - Starting direct file download in chunks of 131072 at 0, stride 131072
2026-01-17 10:42:20,890 - INFO - Starting direct file download in chunks of 131072 at 0, stride 131072
2026-01-17 10:42:21,128 - INFO - Starting direct file download in chunks of 131072 at 0, stride 131072
2026-01-17 10:42:21,301 - INFO - Starting direct file download in chunks of 131072 at 0, stride 131072
2026-01-17 10:42:22,429 - INFO - Starting direct file download in chunks of 131072 at 0, stride 131072
2026-01-17 10:42:22,808 - INFO - Starting direct file download in chunks of 131072 at 0, stride 131072
2026-01-17 10:42:23,210 - INFO - Starting direct file download in chunks of 131072 at 0, stride 131072
2026-01-17 10:42:23,344 - INFO - Starting direct file download in chunks of 131072 at 0, stride 131072
2026-01-17 10:42:23,709 - INFO - Starting direct file download in chunks of 131072 at 0, stride 131072
2026-01-17 10:42:23,944 - INFO - Saved 100 messages for tikvahpharma to data/raw/telegram_messages/2026-01-17/tikvahpharma.json
2026-01-17 10:42:23,945 - INFO - Starting scrape for channel: CheMed123
2026-01-17 10:42:24,264 - INFO - Starting direct file download in chunks of 131072 at 0, stride 131072
2026-01-17 10:42:24,460 - INFO - Starting direct file download in chunks of 131072 at 0, stride 131072
2026-01-17 10:42:24,823 - INFO - Starting direct file download in chunks of 131072 at 0, stride 131072
2026-01-17 10:42:25,055 - INFO - Starting direct file download in chunks of 131072 at 0, stride 131072
2026-01-17 10:42:25,262 - INFO - Starting direct file download in chunks of 131072 at 0, stride 131072
2026-01-17 10:42:25,608 - INFO - Starting direct file download in chunks of 131072 at 0, stride 131072
2026-01-17 10:42:25,979 - INFO - Starting direct file download in chunks of 131072 at 0, stride 131072
2026-01-17 10:42:26,187 - INFO - Starting direct file download in chunks of 131072 at 0, stride 131072
2026-01-17 10:42:26,598 - INFO - Starting direct file download in chunks of 131072 at 0, stride 131072
2026-01-17 10:42:26,972 - INFO - Starting direct file download in chunks of 131072 at 0, stride 131072
2026-01-17 10:42:27,327 - INFO - Starting direct file download in chunks of 131072 at 0, stride 131072
2026-01-17 10:42:27,677 - INFO - Starting direct file download in chunks of 131072 at 0, stride 131072
2026-01-17 10:42:27,862 - INFO - Starting direct file download in chunks of 131072 at 0, stride 131072
2026-01-17 10:42:28,064 - INFO - Starting direct file download in chunks of 131072 at 0, stride 131072
2026-01-17 10:42:29,481 - INFO - Starting direct file download in chunks of 131072 at 0, stride 131072
2026-01-17 10:42:29,752 - INFO - Starting direct file download in chunks of 131072 at 0, stride 131072
2026-01-17 10:42:30,155 - INFO - Starting direct file download in chunks of 131072 at 0, stride 131072
2026-01-17 10:42:30,559 - INFO - Starting direct file download in chunks of 131072 at 0, stride 131072
2026-01-17 10:42:30,935 - INFO - Starting direct file download in chunks of 131072 at 0, stride 131072
2026-01-17 10:42:31,310 - INFO - Starting direct file download in chunks of 131072 at 0, stride 131072
2026-01-17 10:42:31,661 - INFO - Starting direct file download in chunks of 131072 at 0, stride 131072
2026-01-17 10:42:31,868 - INFO - Starting direct file download in chunks of 131072 at 0, stride 131072
2026-01-17 10:42:32,214 - INFO - Starting direct file download in chunks of 131072 at 0, stride 131072
2026-01-17 10:42:32,572 - INFO - Starting direct file download in chunks of 131072 at 0, stride 131072
2026-01-17 10:42:32,935 - INFO - Starting direct file download in chunks of 131072 at 0, stride 131072
2026-01-17 10:42:33,357 - INFO - Starting direct file download in chunks of 131072 at 0, stride 131072
2026-01-17 10:42:33,615 - INFO - Starting direct file download in chunks of 131072 at 0, stride 131072
2026-01-17 10:42:33,846 - INFO - Starting direct file download in chunks of 131072 at 0, stride 131072
2026-01-17 10:42:33,994 - INFO - Starting direct file download in chunks of 131072 at 0, stride 131072
2026-01-17 10:42:34,352 - INFO - Starting direct file download in chunks of 131072 at 0, stride 131072
2026-01-17 10:42:34,718 - INFO - Starting direct file download in chunks of 131072 at 0, stride 131072
2026-01-17 10:42:35,062 - INFO - Starting direct file download in chunks of 131072 at 0, stride 131072
2026-01-17 10:42:35,263 - INFO - Starting direct file download in chunks of 131072 at 0, stride 131072
2026-01-17 10:42:35,466 - INFO - Starting direct file download in chunks of 131072 at 0, stride 131072
2026-01-17 10:42:35,716 - INFO - Starting direct file download in chunks of 131072 at 0, stride 131072
2026-01-17 10:42:36,171 - INFO - Starting direct file download in chunks of 131072 at 0, stride 131072
2026-01-17 10:42:36,384 - INFO - Starting direct file download in chunks of 131072 at 0, stride 131072
2026-01-17 10:42:36,600 - INFO - Starting direct file download in chunks of 131072 at 0, stride 131072
2026-01-17 10:42:36,795 - INFO - Starting direct file download in chunks of 131072 at 0, stride 131072
2026-01-17 10:42:37,036 - INFO - Starting direct file download in chunks of 131072 at 0, stride 131072
2026-01-17 10:42:37,531 - INFO - Starting direct file download in chunks of 131072 at 0, stride 131072
2026-01-17 10:42:37,723 - INFO - Starting direct file download in chunks of 131072 at 0, stride 131072
2026-01-17 10:42:37,981 - INFO - Starting direct file download in chunks of 131072 at 0, stride 131072
2026-01-17 10:42:38,334 - INFO - Starting direct file download in chunks of 131072 at 0, stride 131072
2026-01-17 10:42:38,520 - INFO - Starting direct file download in chunks of 131072 at 0, stride 131072
2026-01-17 10:42:38,885 - INFO - Starting direct file download in chunks of 131072 at 0, stride 131072
2026-01-17 10:42:39,113 - INFO - Starting direct file download in chunks of 131072 at 0, stride 131072
2026-01-17 10:42:39,348 - INFO - Starting direct file download in chunks of 131072 at 0, stride 131072
2026-01-17 10:42:39,586 - INFO - Starting direct file download in chunks of 131072 at 0, stride 131072
2026-01-17 10:42:40,020 - INFO - Starting direct file download in chunks of 131072 at 0, stride 131072
2026-01-17 10:42:40,212 - INFO - Starting direct file download in chunks of 131072 at 0, stride 131072
2026-01-17 10:42:40,584 - INFO - Starting direct file download in chunks of 131072 at 0, stride 131072
2026-01-17 10:42:40,780 - INFO - Starting direct file download in chunks of 131072 at 0, stride 131072
2026-01-17 10:42:40,970 - INFO - Starting direct file download in chunks of 131072 at 0, stride 131072
2026-01-17 10:42:41,141 - INFO - Starting direct file download in chunks of 131072 at 0, stride 131072
2026-01-17 10:42:41,345 - INFO - Starting direct file download in chunks of 131072 at 0, stride 131072
2026-01-17 10:42:41,777 - INFO - Starting direct file download in chunks of 131072 at 0, stride 131072
2026-01-17 10:42:42,225 - INFO - Starting direct file download in chunks of 131072 at 0, stride 131072
2026-01-17 10:42:42,441 - INFO - Starting direct file download in chunks of 131072 at 0, stride 131072
2026-01-17 10:42:42,663 - INFO - Starting direct file download in chunks of 131072 at 0, stride 131072
2026-01-17 10:42:42,855 - INFO - Starting direct file download in chunks of 131072 at 0, stride 131072
2026-01-17 10:42:43,209 - INFO - Starting direct file download in chunks of 131072 at 0, stride 131072
2026-01-17 10:42:43,661 - INFO - Starting direct file download in chunks of 131072 at 0, stride 131072
2026-01-17 10:42:43,919 - INFO - Starting direct file download in chunks of 131072 at 0, stride 131072
2026-01-17 10:42:44,316 - INFO - Starting direct file download in chunks of 131072 at 0, stride 131072
2026-01-17 10:42:44,459 - INFO - Starting direct file download in chunks of 131072 at 0, stride 131072
2026-01-17 10:42:44,612 - INFO - Starting direct file download in chunks of 131072 at 0, stride 131072
2026-01-17 10:42:44,803 - INFO - Saved 76 messages for CheMed123 to data/raw/telegram_messages/2026-01-17/CheMed123.json
2026-01-17 10:42:44,804 - INFO - Disconnecting from 149.154.167.91:443/TcpFull...
2026-01-17 10:42:44,804 - INFO - Disconnection from 149.154.167.91:443/TcpFull complete!
2026-01-20 08:00:42,348 - INFO - Connecting to 149.154.167.91:443/TcpFull...
2026-01-20 08:00:42,523 - INFO - Connection to 149.154.167.91:443/TcpFull complete!
2026-01-20 08:00:43,537 - INFO - Starting scrape for channel: lobelia4cosmetics
2026-01-20 08:00:44,111 - INFO - Starting direct file download in chunks of 131072 at 0, stride 131072
2026-01-20 08:00:44,477 - INFO - Starting direct file download in chunks of 131072 at 0, stride 131072
2026-01-20 08:00:45,015 - INFO - Starting direct file download in chunks of 131072 at 0, stride 131072
2026-01-20 08:00:45,496 - INFO - Starting direct file download in chunks of 131072 at 0, stride 131072
2026-01-20 08:00:46,073 - INFO - Starting direct file download in chunks of 131072 at 0, stride 131072
2026-01-20 08:00:46,259 - INFO - Starting direct file download in chunks of 131072 at 0, stride 131072
2026-01-20 08:00:46,472 - INFO - Starting direct file download in chunks of 131072 at 0, stride 131072
2026-01-20 08:00:46,706 - INFO - Starting direct file download in chunks of 131072 at 0, stride 131072
2026-01-20 08:00:46,908 - INFO - Starting direct file download in chunks of 131072 at 0, stride 131072
2026-01-20 08:00:47,175 - INFO - Starting direct file download in chunks of 131072 at 0, stride 131072
2026-01-20 08:00:48,089 - INFO - Starting direct file download in chunks of 131072 at 0, stride 131072
2026-01-20 08:00:48,409 - INFO - Starting direct file download in chunks of 131072 at 0, stride 131072
2026-01-20 08:00:48,621 - INFO - Starting direct file download in chunks of 131072 at 0, stride 131072
2026-01-20 08:00:49,209 - INFO - Starting direct file download in chunks of 131072 at 0, stride 131072
2026-01-20 08:00:49,403 - INFO - Starting direct file download in chunks of 131072 at 0, stride 131072
2026-01-20 08:00:49,791 - INFO - Starting direct file download in chunks of 131072 at 0, stride 131072
2026-01-20 08:00:50,085 - INFO - Starting direct file download in chunks of 131072 at 0, stride 131072
2026-01-20 08:00:50,433 - INFO - Starting direct file download in chunks of 131072 at 0, stride 131072
2026-01-20 08:00:50,691 - INFO - Starting direct file download in chunks of 131072 at 0, stride 131072
2026-01-20 08:00:50,979 - INFO - Starting direct file download in chunks of 131072 at 0, stride 131072
2026-01-20 08:00:51,232 - INFO - Starting direct file download in chunks of 131072 at 0, stride 131072
2026-01-20 08:00:51,534 - INFO - Starting direct file download in chunks of 131072 at 0, stride 131072
2026-01-20 08:00:51,750 - INFO - Starting direct file download in chunks of 131072 at 0, stride 131072
2026-01-20 08:00:52,064 - INFO - Starting direct file download in chunks of 131072 at 0, stride 131072
2026-01-20 08:00:52,293 - INFO - Starting direct file download in chunks of 131072 at 0, stride 131072
2026-01-20 08:00:52,621 - INFO - Starting direct file download in chunks of 131072 at 0, stride 131072
2026-01-20 08:00:52,943 - INFO - Starting direct file download in chunks of 131072 at 0, stride 131072
2026-01-20 08:00:53,107 - INFO - Starting direct file download in chunks of 131072 at 0, stride 131072
2026-01-20 08:00:53,306 - INFO - Starting direct file download in chunks of 131072 at 0, stride 131072
2026-01-20 08:00:53,817 - INFO - Starting direct file download in chunks of 131072 at 0, stride 131072
2026-01-20 08:00:54,139 - INFO - Starting direct file download in chunks of 131072 at 0, stride 131072
2026-01-20 08:00:54,337 - INFO - Starting direct file download in chunks of 131072 at 0, stride 131072
2026-01-20 08:00:54,578 - INFO - Starting direct file download in chunks of 131072 at 0, stride 131072
2026-01-20 08:00:54,807 - INFO - Starting direct file download in chunks of 131072 at 0, stride 131072
2026-01-20 08:00:55,066 - INFO - Starting direct file download in chunks of 131072 at 0, stride 131072
2026-01-20 08:00:55,259 - INFO - Starting direct file download in chunks of 131072 at 0, stride 131072
2026-01-20 08:00:55,429 - INFO - Starting direct file download in chunks of 131072 at 0, stride 131072
2026-01-20 08:00:55,665 - INFO - Starting direct file download in chunks of 131072 at 0, stride 131072
2026-01-20 08:00:55,942 - INFO - Starting direct file download in chunks of 131072 at 0, stride 131072
2026-01-20 08:00:56,328 - INFO - Starting direct file download in chunks of 131072 at 0, stride 131072
2026-01-20 08:00:56,587 - INFO - Starting direct file download in chunks of 131072 at 0, stride 131072
2026-01-20 08:00:56,857 - INFO - Starting direct file download in chunks of 131072 at 0, stride 131072
2026-01-20 08:00:57,099 - INFO - Starting direct file download in chunks of 131072 at 0, stride 131072
2026-01-20 08:00:57,325 - INFO - Starting direct file download in chunks of 131072 at 0, stride 131072
2026-01-20 08:00:57,545 - INFO - Starting direct file download in chunks of 131072 at 0, stride 131072
2026-01-20 08:00:57,885 - INFO - Starting direct file download in chunks of 131072 at 0, stride 131072
2026-01-20 08:00:58,189 - INFO - Starting direct file download in chunks of 131072 at 0, stride 131072
2026-01-20 08:00:58,497 - INFO - Starting direct file download in chunks of 131072 at 0, stride 131072
2026-01-20 08:00:58,690 - INFO - Starting direct file download in chunks of 131072 at 0, stride 131072
2026-01-20 08:00:58,967 - INFO - Starting direct file download in chunks of 131072 at 0, stride 131072
2026-01-20 08:00:59,211 - INFO - Starting direct file download in chunks of 131072 at 0, stride 131072
2026-01-20 08:00:59,445 - INFO - Starting direct file download in chunks of 131072 at 0, stride 131072
2026-01-20 08:00:59,639 - INFO - Starting direct file download in chunks of 131072 at 0, stride 131072
2026-01-20 08:00:59,916 - INFO - Starting direct file download in chunks of 131072 at 0, stride 131072
2026-01-20 08:01:00,288 - INFO - Starting direct file download in chunks of 131072 at 0, stride 131072
2026-01-20 08:01:00,665 - INFO - Starting direct file download in chunks of 131072 at 0, stride 131072
2026-01-20 08:01:00,841 - INFO - Starting direct file download in chunks of 131072 at 0, stride 131072
2026-01-20 08:01:01,033 - INFO - Starting direct file download in chunks of 131072 at 0, stride 131072
2026-01-20 08:01:01,284 - INFO - Starting direct file download in chunks of 131072 at 0, stride 131072
2026-01-20 08:01:01,512 - INFO - Starting direct file download in chunks of 131072 at 0, stride 131072
2026-01-20 08:01:01,761 - INFO - Starting direct file download in chunks of 131072 at 0, stride 131072
2026-01-20 08:01:02,311 - INFO - Starting direct file download in chunks of 131072 at 0, stride 131072
2026-01-20 08:01:02,516 - INFO - Starting direct file download in chunks of 131072 at 0, stride 131072
2026-01-20 08:01:02,854 - INFO - Starting direct file download in chunks of 131072 at 0, stride 131072
2026-01-20 08:01:03,380 - INFO - Starting direct file download in chunks of 131072 at 0, stride 131072
2026-01-20 08:01:04,045 - INFO - Starting direct file download in chunks of 131072 at 0, stride 131072
2026-01-20 08:01:04,539 - INFO - Starting direct file download in chunks of 131072 at 0, stride 131072
2026-01-20 08:01:04,833 - INFO - Starting direct file download in chunks of 131072 at 0, stride 131072
2026-01-20 08:01:05,104 - INFO - Starting direct file download in chunks of 131072 at 0, stride 131072
2026-01-20 08:01:05,427 - INFO - Starting direct file download in chunks of 131072 at 0, stride 131072
2026-01-20 08:01:05,611 - INFO - Starting direct file download in chunks of 131072 at 0, stride 131072
2026-01-20 08:01:06,082 - INFO - Starting direct file download in chunks of 131072 at 0, stride 131072
2026-01-20 08:01:06,321 - INFO - Starting direct file download in chunks of 131072 at 0, stride 131072
2026-01-20 08:01:06,568 - INFO - Starting direct file download in chunks of 131072 at 0, stride 131072
2026-01-20 08:01:06,741 - INFO - Starting direct file download in chunks of 131072 at 0, stride 131072
2026-01-20 08:01:06,911 - INFO - Starting direct file download in chunks of 131072 at 0, stride 131072
2026-01-20 08:01:07,101 - INFO - Starting direct file download in chunks of 131072 at 0, stride 131072
2026-01-20 08:01:07,642 - INFO - Starting direct file download in chunks of 131072 at 0, stride 131072
2026-01-20 08:01:07,891 - INFO - Starting direct file download in chunks of 131072 at 0, stride 131072
2026-01-20 08:01:08,128 - INFO - Starting direct file download in chunks of 131072 at 0, stride 131072
2026-01-20 08:01:08,639 - INFO - Starting direct file download in chunks of 131072 at 0, stride 131072
2026-01-20 08:01:09,175 - INFO - Starting direct file download in chunks of 131072 at 0, stride 131072
2026-01-20 08:01:09,428 - INFO - Starting direct file download in chunks of 131072 at 0, stride 131072
2026-01-20 08:01:09,597 - INFO - Starting direct file download in chunks of 131072 at 0, stride 131072
2026-01-20 08:01:09,888 - INFO - Starting direct file download in chunks of 131072 at 0, stride 131072
2026-01-20 08:01:10,117 - INFO - Starting direct file download in chunks of 131072 at 0, stride 131072
2026-01-20 08:01:10,323 - INFO - Starting direct file download in chunks of 131072 at 0, stride 131072
2026-01-20 08:01:10,560 - INFO - Starting direct file download in chunks of 131072 at 0, stride 131072
2026-01-20 08:01:10,796 - INFO - Starting direct file download in chunks of 131072 at 0, stride 131072
2026-01-20 08:01:11,024 - INFO - Starting direct file download in chunks of 131072 at 0, stride 131072
2026-01-20 08:01:11,650 - INFO - Starting direct file download in chunks of 131072 at 0, stride 131072
2026-01-20 08:01:11,893 - INFO - Starting direct file download in chunks of 131072 at 0, stride 131072
2026-01-20 08:01:12,585 - INFO - Starting direct file download in chunks of 131072 at 0, stride 131072
2026-01-20 08:01:12,841 - INFO - Starting direct file download in chunks of 131072 at 0, stride 131072
2026-01-20 08:01:13,108 - INFO - Starting direct file download in chunks of 131072 at 0, stride 131072
2026-01-20 08:01:13,820 - INFO - Starting direct file download in chunks of 131072 at 0, stride 131072
2026-01-20 08:01:14,119 - INFO - Starting direct file download in chunks of 131072 at 0, stride 131072
2026-01-20 08:01:14,492 - INFO - Starting direct file download in chunks of 131072 at 0, stride 131072
2026-01-20 08:01:15,030 - INFO - Starting direct file download in chunks of 131072 at 0, stride 131072
2026-01-20 08:01:15,287 - INFO - Starting direct file download in chunks of 131072 at 0, stride 131072
2026-01-20 08:01:15,902 - INFO - Saved 100 messages for lobelia4cosmetics to data/raw/telegram_messages/2026-01-20/lobelia4cosmetics.json
2026-01-20 08:01:15,902 - INFO - Starting scrape for channel: tikvahpharma
2026-01-20 08:01:16,437 - INFO - Starting direct file download in chunks of 131072 at 0, stride 131072
2026-01-20 08:01:16,639 - INFO - Starting direct file download in chunks of 131072 at 0, stride 131072
2026-01-20 08:01:17,619 - INFO - Starting direct file download in chunks of 131072 at 0, stride 131072
2026-01-20 08:01:17,895 - INFO - Starting direct file download in chunks of 131072 at 0, stride 131072
2026-01-20 08:01:18,119 - INFO - Starting direct file download in chunks of 131072 at 0, stride 131072
2026-01-20 08:01:18,656 - INFO - Starting direct file download in chunks of 131072 at 0, stride 131072
2026-01-20 08:01:18,875 - INFO - Starting direct file download in chunks of 131072 at 0, stride 131072
2026-01-20 08:01:19,432 - INFO - Starting direct file download in chunks of 131072 at 0, stride 131072
2026-01-20 08:01:19,663 - INFO - Starting direct file download in chunks of 131072 at 0, stride 131072
2026-01-20 08:01:19,949 - INFO - Starting direct file download in chunks of 131072 at 0, stride 131072
2026-01-20 08:01:20,540 - INFO - Starting direct file download in chunks of 131072 at 0, stride 131072
2026-01-20 08:01:21,503 - INFO - Starting direct file download in chunks of 131072 at 0, stride 131072
2026-01-20 08:01:22,310 - INFO - Starting direct file download in chunks of 131072 at 0, stride 131072
2026-01-20 08:01:23,147 - INFO - Starting direct file download in chunks of 131072 at 0, stride 131072
2026-01-20 08:01:24,161 - INFO - Starting direct file download in chunks of 131072 at 0, stride 131072
2026-01-20 08:01:24,810 - INFO - Starting direct file download in chunks of 131072 at 0, stride 131072
2026-01-20 08:01:25,399 - INFO - Starting direct file download in chunks of 131072 at 0, stride 131072
2026-01-20 08:01:25,619 - INFO - Starting direct file download in chunks of 131072 at 0, stride 131072
2026-01-20 08:01:26,382 - INFO - Starting direct file download in chunks of 131072 at 0, stride 131072
2026-01-20 08:01:26,561 - INFO - Starting direct file download in chunks of 131072 at 0, stride 131072
2026-01-20 08:01:26,810 - INFO - Starting direct file download in chunks of 131072 at 0, stride 131072
2026-01-20 08:01:27,060 - INFO - Starting direct file download in chunks of 131072 at 0, stride 131072
2026-01-20 08:01:27,261 - INFO - Starting direct file download in chunks of 131072 at 0, stride 131072
2026-01-20 08:01:27,951 - INFO - Starting direct file download in chunks of 131072 at 0, stride 131072
2026-01-20 08:01:28,222 - INFO - Starting direct file download in chunks of 131072 at 0, stride 131072
2026-01-20 08:01:28,435 - INFO - Starting direct file download in chunks of 131072 at 0, stride 131072
2026-01-20 08:01:28,707 - INFO - Starting direct file download in chunks of 131072 at 0, stride 131072
2026-01-20 08:01:28,908 - INFO - Starting direct file download in chunks of 131072 at 0, stride 131072
2026-01-20 08:01:29,168 - INFO - Starting direct file download in chunks of 131072 at 0, stride 131072
2026-01-20 08:01:29,438 - INFO - Starting direct file download in chunks of 131072 at 0, stride 131072
2026-01-20 08:01:30,072 - INFO - Starting direct file download in chunks of 131072 at 0, stride 131072
2026-01-20 08:01:30,749 - INFO - Starting direct file download in chunks of 131072 at 0, stride 131072
2026-01-20 08:01:31,051 - INFO - Starting direct file download in chunks of 131072 at 0, stride 131072
2026-01-20 08:01:31,665 - INFO - Starting direct file download in chunks of 131072 at 0, stride 131072
2026-01-20 08:01:31,905 - INFO - Starting direct file download in chunks of 131072 at 0, stride 131072
2026-01-20 08:01:32,309 - INFO - Starting direct file download in chunks of 131072 at 0, stride 131072
2026-01-20 08:01:33,071 - INFO - Starting direct file download in chunks of 131072 at 0, stride 131072
2026-01-20 08:01:33,765 - INFO - Starting direct file download in chunks of 131072 at 0, stride 131072
2026-01-20 08:01:34,331 - INFO - Starting direct file download in chunks of 131072 at 0, stride 131072
2026-01-20 08:01:34,823 - INFO - Starting direct file download in chunks of 131072 at 0, stride 131072
2026-01-20 08:01:35,417 - INFO - Starting direct file download in chunks of 131072 at 0, stride 131072
2026-01-20 08:01:35,591 - INFO - Starting direct file download in chunks of 131072 at 0, stride 131072
2026-01-20 08:01:36,205 - INFO - Saved 100 messages for tikvahpharma to data/raw/telegram_messages/2026-01-20/tikvahpharma.json
2026-01-20 08:01:36,206 - INFO - Starting scrape for channel: CheMed123
2026-01-20 08:01:36,660 - INFO - Starting direct file download in chunks of 131072 at 0, stride 131072
2026-01-20 08:01:36,935 - INFO - Starting direct file download in chunks of 131072 at 0, stride 131072
2026-01-20 08:01:37,558 - INFO - Starting direct file download in chunks of 131072 at 0, stride 131072
2026-01-20 08:01:37,877 - INFO - Starting direct file download in chunks of 131072 at 0, stride 131072
2026-01-20 08:01:38,193 - INFO - Starting direct file download in chunks of 131072 at 0, stride 131072
2026-01-20 08:01:38,825 - INFO - Starting direct file download in chunks of 131072 at 0, stride 131072
2026-01-20 08:01:39,313 - INFO - Starting direct file download in chunks of 131072 at 0, stride 131072
2026-01-20 08:01:39,605 - INFO - Starting direct file download in chunks of 131072 at 0, stride 131072
2026-01-20 08:01:40,236 - INFO - Starting direct file download in chunks of 131072 at 0, stride 131072
2026-01-20 08:01:40,743 - INFO - Starting direct file download in chunks of 131072 at 0, stride 131072
2026-01-20 08:01:41,228 - INFO - Starting direct file download in chunks of 131072 at 0, stride 131072
2026-01-20 08:01:41,748 - INFO - Starting direct file download in chunks of 131072 at 0, stride 131072
2026-01-20 08:01:42,081 - INFO - Starting direct file download in chunks of 131072 at 0, stride 131072
2026-01-20 08:01:42,399 - INFO - Starting direct file download in chunks of 131072 at 0, stride 131072
2026-01-20 08:01:42,887 - INFO - Starting direct file download in chunks of 131072 at 0, stride 131072
2026-01-20 08:01:43,141 - INFO - Starting direct file download in chunks of 131072 at 0, stride 131072
2026-01-20 08:01:43,663 - INFO - Starting direct file download in chunks of 131072 at 0, stride 131072
2026-01-20 08:01:44,151 - INFO - Starting direct file download in chunks of 131072 at 0, stride 131072
2026-01-20 08:01:44,642 - INFO - Starting direct file download in chunks of 131072 at 0, stride 131072
2026-01-20 08:01:45,088 - INFO - Starting direct file download in chunks of 131072 at 0, stride 131072
2026-01-20 08:01:45,537 - INFO - Starting direct file download in chunks of 131072 at 0, stride 131072
2026-01-20 08:01:45,775 - INFO - Starting direct file download in chunks of 131072 at 0, stride 131072
2026-01-20 08:01:46,208 - INFO - Starting direct file download in chunks of 131072 at 0, stride 131072
2026-01-20 08:01:46,654 - INFO - Starting direct file download in chunks of 131072 at 0, stride 131072
2026-01-20 08:01:47,107 - INFO - Starting direct file download in chunks of 131072 at 0, stride 131072
2026-01-20 08:01:47,586 - INFO - Starting direct file download in chunks of 131072 at 0, stride 131072
2026-01-20 08:01:47,815 - INFO - Starting direct file download in chunks of 131072 at 0, stride 131072
2026-01-20 08:01:48,070 - INFO - Starting direct file download in chunks of 131072 at 0, stride 131072
2026-01-20 08:01:48,256 - INFO - Starting direct file download in chunks of 131072 at 0, stride 131072
2026-01-20 08:01:48,919 - INFO - Starting direct file download in chunks of 131072 at 0, stride 131072
2026-01-20 08:01:49,382 - INFO - Starting direct file download in chunks of 131072 at 0, stride 131072
2026-01-20 08:01:49,923 - INFO - Starting direct file download in chunks of 131072 at 0, stride 131072
2026-01-20 08:01:50,219 - INFO - Starting direct file download in chunks of 131072 at 0, stride 131072
2026-01-20 08:01:50,448 - INFO - Starting direct file download in chunks of 131072 at 0, stride 131072
2026-01-20 08:01:50,733 - INFO - Starting direct file download in chunks of 131072 at 0, stride 131072
2026-01-20 08:01:51,296 - INFO - Starting direct file download in chunks of 131072 at 0, stride 131072
2026-01-20 08:01:51,576 - INFO - Starting direct file download in chunks of 131072 at 0, stride 131072
2026-01-20 08:01:51,864 - INFO - Starting direct file download in chunks of 131072 at 0, stride 131072
2026-01-20 08:01:52,148 - INFO - Starting direct file download in chunks of 131072 at 0, stride 131072
2026-01-20 08:01:52,446 - INFO - Starting direct file download in chunks of 131072 at 0, stride 131072
2026-01-20 08:01:52,943 - INFO - Starting direct file download in chunks of 131072 at 0, stride 131072
2026-01-20 08:01:53,217 - INFO - Starting direct file download in chunks of 131072 at 0, stride 131072
2026-01-20 08:01:53,510 - INFO - Starting direct file download in chunks of 131072 at 0, stride 131072
2026-01-20 08:01:53,818 - INFO - Starting direct file download in chunks of 131072 at 0, stride 131072
2026-01-20 08:01:54,090 - INFO - Starting direct file download in chunks of 131072 at 0, stride 131072
2026-01-20 08:01:54,545 - INFO - Starting direct file download in chunks of 131072 at 0, stride 131072
2026-01-20 08:01:54,817 - INFO - Starting direct file download in chunks of 131072 at 0, stride 131072
2026-01-20 08:01:55,107 - INFO - Starting direct file download in chunks of 131072 at 0, stride 131072
2026-01-20 08:01:55,320 - INFO - Starting direct file download in chunks of 131072 at 0, stride 131072
2026-01-20 08:01:55,735 - INFO - Starting direct file download in chunks of 131072 at 0, stride 131072
2026-01-20 08:01:55,982 - INFO - Starting direct file download in chunks of 131072 at 0, stride 131072
2026-01-20 08:01:56,632 - INFO - Starting direct file download in chunks of 131072 at 0, stride 131072
2026-01-20 08:01:56,872 - INFO - Starting direct file download in chunks of 131072 at 0, stride 131072
2026-01-20 08:01:57,096 - INFO - Starting direct file download in chunks of 131072 at 0, stride 131072
2026-01-20 08:01:57,323 - INFO - Starting direct file download in chunks of 131072 at 0, stride 131072
2026-01-20 08:01:57,556 - INFO - Starting direct file download in chunks of 131072 at 0, stride 131072
2026-01-20 08:01:58,087 - INFO - Starting direct file download in chunks of 131072 at 0, stride 131072
2026-01-20 08:01:58,634 - INFO - Starting direct file download in chunks of 131072 at 0, stride 131072
2026-01-20 08:01:58,985 - INFO - Starting direct file download in chunks of 131072 at 0, stride 131072
2026-01-20 08:01:59,311 - INFO - Starting direct file download in chunks of 131072 at 0, stride 131072
2026-01-20 08:01:59,565 - INFO - Starting direct file download in chunks of 131072 at 0, stride 131072
2026-01-20 08:02:00,038 - INFO - Starting direct file download in chunks of 131072 at 0, stride 131072
2026-01-20 08:02:00,552 - INFO - Starting direct file download in chunks of 131072 at 0, stride 131072
2026-01-20 08:02:00,812 - INFO - Starting direct file download in chunks of 131072 at 0, stride 131072
2026-01-20 08:02:01,247 - INFO - Starting direct file download in chunks of 131072 at 0, stride 131072
2026-01-20 08:02:01,446 - INFO - Starting direct file download in chunks of 131072 at 0, stride 131072
2026-01-20 08:02:01,633 - INFO - Starting direct file download in chunks of 131072 at 0, stride 131072
2026-01-20 08:02:01,801 - INFO - Saved 76 messages for CheMed123 to data/raw/telegram_messages/2026-01-20/CheMed123.json
2026-01-20 08:02:01,801 - INFO - Disconnecting from 149.154.167.91:443/TcpFull...
2026-01-20 08:02:01,802 - INFO - Disconnection from 149.154.167.91:443/TcpFull complete!
